16:03:43: Creating resource group General
16:03:43: Creating resource group Internal
16:03:43: Creating resource group Autodetect
16:03:43: Registering ResourceManager for type Mesh
16:03:43: Registering ResourceManager for type Material
16:03:43: Registering ResourceManager for type Skeleton
16:03:43: XMLMeshSerializer reading mesh data from C:\Documents and Settings\Administrator.XP_LETITIA\Desktop\Soldier Final\Shark\Shark.mesh.xml...
16:03:43: Reading submeshes...
16:03:43: Reading geometry...
16:03:43: Geometry done...
16:03:43: Reading bone assignments...
16:03:43: Bone assignments done.
16:03:43: Reading geometry...
16:03:43: Geometry done...
16:03:43: Reading bone assignments...
16:03:43: Bone assignments done.
16:03:43: Submeshes done.
16:03:43: Skeleton: Loading Shark.skeleton
16:03:43: OGRE EXCEPTION(6:FileNotFoundException): Cannot locate resource Shark.skeleton in resource group General or any other group. in ResourceGroupManager::openResource at ..\src\OgreResourceGroupManager.cpp (line 753)
16:03:43: Unable to load skeleton Shark.skeleton for Mesh conversion. This Mesh will not be animated. You can ignore this message if you are using an offline tool.
16:03:43: XMLMeshSerializer import successful.
16:03:43: Reorganising vertex buffers to automatic layout..
16:03:44: Generating 2 lower LODs for mesh conversion
16:03:44: MeshSerializer writing mesh data to C:\Documents and Settings\Administrator.XP_LETITIA\Desktop\Soldier Final\Shark\Shark.mesh...
16:03:44: File header written.
16:03:44: Writing mesh data...
16:03:44: Writing submesh...
16:03:44: Exporting submesh texture aliases...
16:03:44: Submesh texture aliases exported.
16:03:44: Exporting dedicated geometry bone assignments...
16:03:44: Dedicated geometry bone assignments exported.
16:03:44: Submesh exported.
16:03:44: Writing submesh...
16:03:44: Exporting submesh texture aliases...
16:03:44: Submesh texture aliases exported.
16:03:44: Exporting dedicated geometry bone assignments...
16:03:44: Dedicated geometry bone assignments exported.
16:03:44: Submesh exported.
16:03:44: Exporting skeleton link...
16:03:44: Skeleton link exported.
16:03:44: Exporting LOD information....
16:03:44: LOD information exported.
16:03:44: Exporting bounds information....
16:03:44: Bounds information exported.
16:03:44: Exporting submesh name table...
16:03:44: Submesh name table exported.
16:03:44: Exporting edge lists...
16:03:44: Edge lists exported
16:03:44: Mesh data exported.
16:03:44: MeshSerializer export successful.
16:03:44: Unregistering ResourceManager for type Skeleton
16:03:44: Unregistering ResourceManager for type Material
16:03:44: Unregistering ResourceManager for type Mesh
