16:07:09: Creating resource group General
16:07:09: Creating resource group Internal
16:07:09: Creating resource group Autodetect
16:07:09: Registering ResourceManager for type Mesh
16:07:09: Registering ResourceManager for type Material
16:07:09: Registering ResourceManager for type Skeleton
16:07:09: XMLMeshSerializer reading mesh data from C:\Documents and Settings\Administrator.XP_LETITIA\Desktop\Soldier Final\Jellyfish\Jellyfish.mesh.xml...
16:07:09: Reading submeshes...
16:07:09: Reading geometry...
16:07:09: Geometry done...
16:07:09: Reading bone assignments...
16:07:09: Bone assignments done.
16:07:09: Submeshes done.
16:07:09: Skeleton: Loading Jellyfish.skeleton
16:07:09: OGRE EXCEPTION(6:FileNotFoundException): Cannot locate resource Jellyfish.skeleton in resource group General or any other group. in ResourceGroupManager::openResource at ..\src\OgreResourceGroupManager.cpp (line 753)
16:07:09: Unable to load skeleton Jellyfish.skeleton for Mesh conversion. This Mesh will not be animated. You can ignore this message if you are using an offline tool.
16:07:09: XMLMeshSerializer import successful.
16:07:09: Reorganising vertex buffers to automatic layout..
16:07:09: Generating 2 lower LODs for mesh conversion
16:07:10: MeshSerializer writing mesh data to C:\Documents and Settings\Administrator.XP_LETITIA\Desktop\Soldier Final\Jellyfish\Jellyfish.mesh...
16:07:10: File header written.
16:07:10: Writing mesh data...
16:07:10: Writing submesh...
16:07:10: Exporting submesh texture aliases...
16:07:10: Submesh texture aliases exported.
16:07:10: Exporting dedicated geometry bone assignments...
16:07:10: Dedicated geometry bone assignments exported.
16:07:10: Submesh exported.
16:07:10: Exporting skeleton link...
16:07:10: Skeleton link exported.
16:07:10: Exporting LOD information....
16:07:10: LOD information exported.
16:07:10: Exporting bounds information....
16:07:10: Bounds information exported.
16:07:10: Exporting submesh name table...
16:07:10: Submesh name table exported.
16:07:10: Exporting edge lists...
16:07:10: Edge lists exported
16:07:10: Mesh data exported.
16:07:10: MeshSerializer export successful.
16:07:10: Unregistering ResourceManager for type Skeleton
16:07:10: Unregistering ResourceManager for type Material
16:07:10: Unregistering ResourceManager for type Mesh
