16:41:20: Creating resource group General
16:41:20: Creating resource group Internal
16:41:20: Creating resource group Autodetect
16:41:20: Registering ResourceManager for type Mesh
16:41:20: Registering ResourceManager for type Material
16:41:20: Registering ResourceManager for type Skeleton
16:41:20: XMLMeshSerializer reading mesh data from C:\Documents and Settings\Administrator.XP_LETITIA\Desktop\Soldier Final\Flounder\Flounder.mesh.xml...
16:41:20: Reading submeshes...
16:41:20: Reading geometry...
16:41:21: Geometry done...
16:41:21: Reading bone assignments...
16:41:21: Bone assignments done.
16:41:21: Submeshes done.
16:41:21: Skeleton: Loading Flounder.skeleton
16:41:21: OGRE EXCEPTION(6:FileNotFoundException): Cannot locate resource Flounder.skeleton in resource group General or any other group. in ResourceGroupManager::openResource at ..\src\OgreResourceGroupManager.cpp (line 753)
16:41:21: Unable to load skeleton Flounder.skeleton for Mesh conversion. This Mesh will not be animated. You can ignore this message if you are using an offline tool.
16:41:21: XMLMeshSerializer import successful.
16:41:21: Reorganising vertex buffers to automatic layout..
16:41:21: Generating 2 lower LODs for mesh conversion
16:41:21: MeshSerializer writing mesh data to C:\Documents and Settings\Administrator.XP_LETITIA\Desktop\Soldier Final\Flounder\Flounder.mesh...
16:41:21: File header written.
16:41:21: Writing mesh data...
16:41:21: Writing submesh...
16:41:21: Exporting submesh texture aliases...
16:41:21: Submesh texture aliases exported.
16:41:21: Exporting dedicated geometry bone assignments...
16:41:21: Dedicated geometry bone assignments exported.
16:41:21: Submesh exported.
16:41:21: Exporting skeleton link...
16:41:21: Skeleton link exported.
16:41:21: Exporting LOD information....
16:41:21: LOD information exported.
16:41:21: Exporting bounds information....
16:41:21: Bounds information exported.
16:41:21: Exporting submesh name table...
16:41:21: Submesh name table exported.
16:41:21: Exporting edge lists...
16:41:21: Edge lists exported
16:41:21: Mesh data exported.
16:41:21: MeshSerializer export successful.
16:41:21: Unregistering ResourceManager for type Skeleton
16:41:21: Unregistering ResourceManager for type Material
16:41:21: Unregistering ResourceManager for type Mesh
