16:06:37: Creating resource group General
16:06:37: Creating resource group Internal
16:06:37: Creating resource group Autodetect
16:06:37: Registering ResourceManager for type Mesh
16:06:37: Registering ResourceManager for type Material
16:06:37: Registering ResourceManager for type Skeleton
16:06:37: XMLMeshSerializer reading mesh data from C:\Documents and Settings\Administrator.XP_LETITIA\Desktop\Soldier Final\Mackeral\Mackeral.mesh.xml...
16:06:37: Reading submeshes...
16:06:37: Reading geometry...
16:06:37: Geometry done...
16:06:37: Reading bone assignments...
16:06:37: Bone assignments done.
16:06:37: Submeshes done.
16:06:37: Skeleton: Loading Mackeral.skeleton
16:06:37: OGRE EXCEPTION(6:FileNotFoundException): Cannot locate resource Mackeral.skeleton in resource group General or any other group. in ResourceGroupManager::openResource at ..\src\OgreResourceGroupManager.cpp (line 753)
16:06:37: Unable to load skeleton Mackeral.skeleton for Mesh conversion. This Mesh will not be animated. You can ignore this message if you are using an offline tool.
16:06:37: XMLMeshSerializer import successful.
16:06:37: Reorganising vertex buffers to automatic layout..
16:06:37: Generating 2 lower LODs for mesh conversion
16:06:38: MeshSerializer writing mesh data to C:\Documents and Settings\Administrator.XP_LETITIA\Desktop\Soldier Final\Mackeral\Mackeral.mesh...
16:06:38: File header written.
16:06:38: Writing mesh data...
16:06:38: Writing submesh...
16:06:38: Exporting submesh texture aliases...
16:06:38: Submesh texture aliases exported.
16:06:38: Exporting dedicated geometry bone assignments...
16:06:38: Dedicated geometry bone assignments exported.
16:06:38: Submesh exported.
16:06:38: Exporting skeleton link...
16:06:38: Skeleton link exported.
16:06:38: Exporting LOD information....
16:06:38: LOD information exported.
16:06:38: Exporting bounds information....
16:06:38: Bounds information exported.
16:06:38: Exporting submesh name table...
16:06:38: Submesh name table exported.
16:06:38: Exporting edge lists...
16:06:38: Edge lists exported
16:06:38: Mesh data exported.
16:06:38: MeshSerializer export successful.
16:06:38: Unregistering ResourceManager for type Skeleton
16:06:38: Unregistering ResourceManager for type Material
16:06:38: Unregistering ResourceManager for type Mesh
