15:16:04: Creating resource group General
15:16:04: Creating resource group Internal
15:16:04: Creating resource group Autodetect
15:16:04: Registering ResourceManager for type Mesh
15:16:04: Registering ResourceManager for type Material
15:16:04: Registering ResourceManager for type Skeleton
15:16:04: XMLMeshSerializer reading mesh data from C:\Documents and Settings\Administrator.XP_LETITIA\Desktop\Solder Final\Body.mesh.xml...
15:16:04: Reading submeshes...
15:16:05: Reading geometry...
15:16:05: Geometry done...
15:16:05: Reading bone assignments...
15:16:05: Bone assignments done.
15:16:05: Submeshes done.
15:16:05: Skeleton: Loading Body.skeleton
15:16:05: OGRE EXCEPTION(6:FileNotFoundException): Cannot locate resource Body.skeleton in resource group General or any other group. in ResourceGroupManager::openResource at ..\src\OgreResourceGroupManager.cpp (line 753)
15:16:05: Unable to load skeleton Body.skeleton for Mesh conversion. This Mesh will not be animated. You can ignore this message if you are using an offline tool.
15:16:05: XMLMeshSerializer import successful.
15:16:05: Reorganising vertex buffers to automatic layout..
15:16:05: Generating 3 lower LODs for mesh conversion
15:16:05: MeshSerializer writing mesh data to C:\Documents and Settings\Administrator.XP_LETITIA\Desktop\Solder Final\Body.mesh...
15:16:05: File header written.
15:16:05: Writing mesh data...
15:16:05: Writing submesh...
15:16:05: Exporting submesh texture aliases...
15:16:05: Submesh texture aliases exported.
15:16:05: Exporting dedicated geometry bone assignments...
15:16:05: Dedicated geometry bone assignments exported.
15:16:05: Submesh exported.
15:16:05: Exporting skeleton link...
15:16:05: Skeleton link exported.
15:16:05: Exporting LOD information....
15:16:05: LOD information exported.
15:16:05: Exporting bounds information....
15:16:05: Bounds information exported.
15:16:05: Exporting submesh name table...
15:16:05: Submesh name table exported.
15:16:05: Exporting edge lists...
15:16:06: Edge lists exported
15:16:06: Mesh data exported.
15:16:06: MeshSerializer export successful.
15:16:06: Unregistering ResourceManager for type Skeleton
15:16:06: Unregistering ResourceManager for type Material
15:16:06: Unregistering ResourceManager for type Mesh
