15:22:47: Creating resource group General
15:22:47: Creating resource group Internal
15:22:47: Creating resource group Autodetect
15:22:47: Registering ResourceManager for type Mesh
15:22:47: Registering ResourceManager for type Material
15:22:47: Registering ResourceManager for type Skeleton
15:22:47: XMLMeshSerializer reading mesh data from C:\Documents and Settings\Administrator.XP_LETITIA\Desktop\Solder Final\Head\Head.mesh.xml...
15:22:47: Reading submeshes...
15:22:47: Reading geometry...
15:22:47: Geometry done...
15:22:47: Reading bone assignments...
15:22:47: Bone assignments done.
15:22:47: Submeshes done.
15:22:47: Skeleton: Loading Head.skeleton
15:22:47: OGRE EXCEPTION(6:FileNotFoundException): Cannot locate resource Head.skeleton in resource group General or any other group. in ResourceGroupManager::openResource at ..\src\OgreResourceGroupManager.cpp (line 753)
15:22:47: Unable to load skeleton Head.skeleton for Mesh conversion. This Mesh will not be animated. You can ignore this message if you are using an offline tool.
15:22:47: XMLMeshSerializer import successful.
15:22:47: Reorganising vertex buffers to automatic layout..
15:22:47: Generating 3 lower LODs for mesh conversion
15:22:47: MeshSerializer writing mesh data to C:\Documents and Settings\Administrator.XP_LETITIA\Desktop\Solder Final\Head\Head.mesh...
15:22:47: File header written.
15:22:47: Writing mesh data...
15:22:47: Writing submesh...
15:22:47: Exporting submesh texture aliases...
15:22:47: Submesh texture aliases exported.
15:22:47: Exporting dedicated geometry bone assignments...
15:22:47: Dedicated geometry bone assignments exported.
15:22:47: Submesh exported.
15:22:47: Exporting skeleton link...
15:22:47: Skeleton link exported.
15:22:47: Exporting LOD information....
15:22:47: LOD information exported.
15:22:47: Exporting bounds information....
15:22:47: Bounds information exported.
15:22:47: Exporting submesh name table...
15:22:47: Submesh name table exported.
15:22:47: Exporting edge lists...
15:22:48: Edge lists exported
15:22:48: Mesh data exported.
15:22:48: MeshSerializer export successful.
15:22:48: Unregistering ResourceManager for type Skeleton
15:22:48: Unregistering ResourceManager for type Material
15:22:48: Unregistering ResourceManager for type Mesh
