16:09:34: Creating resource group General
16:09:34: Creating resource group Internal
16:09:34: Creating resource group Autodetect
16:09:34: Registering ResourceManager for type Mesh
16:09:34: Registering ResourceManager for type Material
16:09:34: Registering ResourceManager for type Skeleton
16:09:34: XMLMeshSerializer reading mesh data from C:\Documents and Settings\Administrator.XP_LETITIA\Desktop\Soldier Final\Hermit Crab\Hermit Crab.mesh.xml...
16:09:34: Reading submeshes...
16:09:34: Reading geometry...
16:09:34: Geometry done...
16:09:34: Reading bone assignments...
16:09:34: Bone assignments done.
16:09:34: Submeshes done.
16:09:34: Skeleton: Loading Hermit Crab.skeleton
16:09:34: OGRE EXCEPTION(6:FileNotFoundException): Cannot locate resource Hermit Crab.skeleton in resource group General or any other group. in ResourceGroupManager::openResource at ..\src\OgreResourceGroupManager.cpp (line 753)
16:09:34: Unable to load skeleton Hermit Crab.skeleton for Mesh conversion. This Mesh will not be animated. You can ignore this message if you are using an offline tool.
16:09:34: XMLMeshSerializer import successful.
16:09:34: Reorganising vertex buffers to automatic layout..
16:09:34: Generating 2 lower LODs for mesh conversion
16:09:34: MeshSerializer writing mesh data to C:\Documents and Settings\Administrator.XP_LETITIA\Desktop\Soldier Final\Hermit Crab\Hermit Crab.mesh...
16:09:34: File header written.
16:09:34: Writing mesh data...
16:09:34: Writing submesh...
16:09:34: Exporting submesh texture aliases...
16:09:34: Submesh texture aliases exported.
16:09:34: Exporting dedicated geometry bone assignments...
16:09:34: Dedicated geometry bone assignments exported.
16:09:34: Submesh exported.
16:09:34: Exporting skeleton link...
16:09:34: Skeleton link exported.
16:09:34: Exporting LOD information....
16:09:34: LOD information exported.
16:09:34: Exporting bounds information....
16:09:34: Bounds information exported.
16:09:34: Exporting submesh name table...
16:09:34: Submesh name table exported.
16:09:34: Exporting edge lists...
16:09:34: Edge lists exported
16:09:34: Mesh data exported.
16:09:34: MeshSerializer export successful.
16:09:34: Unregistering ResourceManager for type Skeleton
16:09:34: Unregistering ResourceManager for type Material
16:09:34: Unregistering ResourceManager for type Mesh
