16:06:03: Creating resource group General
16:06:03: Creating resource group Internal
16:06:03: Creating resource group Autodetect
16:06:03: Registering ResourceManager for type Mesh
16:06:03: Registering ResourceManager for type Material
16:06:03: Registering ResourceManager for type Skeleton
16:06:03: XMLMeshSerializer reading mesh data from C:\Documents and Settings\Administrator.XP_LETITIA\Desktop\Soldier Final\Pike\Pike.mesh.xml...
16:06:03: Reading submeshes...
16:06:03: Reading geometry...
16:06:03: Geometry done...
16:06:03: Reading bone assignments...
16:06:03: Bone assignments done.
16:06:03: Submeshes done.
16:06:03: Skeleton: Loading Pike.skeleton
16:06:03: OGRE EXCEPTION(6:FileNotFoundException): Cannot locate resource Pike.skeleton in resource group General or any other group. in ResourceGroupManager::openResource at ..\src\OgreResourceGroupManager.cpp (line 753)
16:06:03: Unable to load skeleton Pike.skeleton for Mesh conversion. This Mesh will not be animated. You can ignore this message if you are using an offline tool.
16:06:03: XMLMeshSerializer import successful.
16:06:03: Reorganising vertex buffers to automatic layout..
16:06:03: Generating 2 lower LODs for mesh conversion
16:06:04: MeshSerializer writing mesh data to C:\Documents and Settings\Administrator.XP_LETITIA\Desktop\Soldier Final\Pike\Pike.mesh...
16:06:04: File header written.
16:06:04: Writing mesh data...
16:06:04: Writing submesh...
16:06:04: Exporting submesh texture aliases...
16:06:04: Submesh texture aliases exported.
16:06:04: Exporting dedicated geometry bone assignments...
16:06:04: Dedicated geometry bone assignments exported.
16:06:04: Submesh exported.
16:06:04: Exporting skeleton link...
16:06:04: Skeleton link exported.
16:06:04: Exporting LOD information....
16:06:04: LOD information exported.
16:06:04: Exporting bounds information....
16:06:04: Bounds information exported.
16:06:04: Exporting submesh name table...
16:06:04: Submesh name table exported.
16:06:04: Exporting edge lists...
16:06:04: Edge lists exported
16:06:04: Mesh data exported.
16:06:04: MeshSerializer export successful.
16:06:04: Unregistering ResourceManager for type Skeleton
16:06:04: Unregistering ResourceManager for type Material
16:06:04: Unregistering ResourceManager for type Mesh
