16:05:36: Creating resource group General
16:05:36: Creating resource group Internal
16:05:36: Creating resource group Autodetect
16:05:36: Registering ResourceManager for type Mesh
16:05:36: Registering ResourceManager for type Material
16:05:36: Registering ResourceManager for type Skeleton
16:05:36: XMLMeshSerializer reading mesh data from C:\Documents and Settings\Administrator.XP_LETITIA\Desktop\Soldier Final\Gobe\Gobe.mesh.xml...
16:05:36: Reading submeshes...
16:05:36: Reading geometry...
16:05:36: Geometry done...
16:05:36: Reading bone assignments...
16:05:36: Bone assignments done.
16:05:36: Submeshes done.
16:05:36: Skeleton: Loading Gobe.skeleton
16:05:36: OGRE EXCEPTION(6:FileNotFoundException): Cannot locate resource Gobe.skeleton in resource group General or any other group. in ResourceGroupManager::openResource at ..\src\OgreResourceGroupManager.cpp (line 753)
16:05:36: Unable to load skeleton Gobe.skeleton for Mesh conversion. This Mesh will not be animated. You can ignore this message if you are using an offline tool.
16:05:36: XMLMeshSerializer import successful.
16:05:36: Reorganising vertex buffers to automatic layout..
16:05:36: Generating 2 lower LODs for mesh conversion
16:05:36: MeshSerializer writing mesh data to C:\Documents and Settings\Administrator.XP_LETITIA\Desktop\Soldier Final\Gobe\Gobe.mesh...
16:05:36: File header written.
16:05:36: Writing mesh data...
16:05:36: Writing submesh...
16:05:36: Exporting submesh texture aliases...
16:05:36: Submesh texture aliases exported.
16:05:36: Exporting dedicated geometry bone assignments...
16:05:36: Dedicated geometry bone assignments exported.
16:05:36: Submesh exported.
16:05:36: Exporting skeleton link...
16:05:36: Skeleton link exported.
16:05:36: Exporting LOD information....
16:05:36: LOD information exported.
16:05:36: Exporting bounds information....
16:05:36: Bounds information exported.
16:05:36: Exporting submesh name table...
16:05:36: Submesh name table exported.
16:05:36: Exporting edge lists...
16:05:36: Edge lists exported
16:05:36: Mesh data exported.
16:05:36: MeshSerializer export successful.
16:05:36: Unregistering ResourceManager for type Skeleton
16:05:36: Unregistering ResourceManager for type Material
16:05:36: Unregistering ResourceManager for type Mesh
